<?xml version="1.0" encoding="UTF-8"?>
<!-- Generated by org.testng.reporters.JUnitReportReporter -->
<testsuite hostname="saileshpraveen" name="testngTestCases.EditLeadTestng" tests="1" failures="0" timestamp="2 Dec 2017 16:29:08 GMT" time="131.916" errors="0">
  <testcase name="editLead" time="131.916" classname="testngTestCases.EditLeadTestng"/>
</testsuite> <!-- testngTestCases.EditLeadTestng -->
