<?xml version="1.0" encoding="UTF-8"?>
<!-- Generated by org.testng.reporters.JUnitReportReporter -->
<testsuite hostname="saileshpraveen" name="week5.SampleReports" tests="1" failures="0" timestamp="9 Dec 2017 07:10:37 GMT" time="0.688" errors="0">
  <testcase name="sampleReport" time="0.688" classname="week5.SampleReports"/>
</testsuite> <!-- week5.SampleReports -->
