<?xml version="1.0" encoding="UTF-8"?>
<!-- Generated by org.testng.reporters.JUnitReportReporter -->
<testsuite hostname="saileshpraveen" name="testngTestCases.MergeLeadTestng" tests="1" failures="0" timestamp="3 Dec 2017 06:54:12 GMT" time="25.906" errors="0">
  <testcase name="mergeLead" time="25.906" classname="testngTestCases.MergeLeadTestng"/>
</testsuite> <!-- testngTestCases.MergeLeadTestng -->
