<?xml version="1.0" encoding="UTF-8"?>
<!-- Generated by org.testng.reporters.JUnitReportReporter -->
<testsuite hostname="saileshpraveen" name="testCases.CreateLeadWdHomeWork" tests="1" failures="0" timestamp="2 Dec 2017 08:10:02 GMT" time="82.776" errors="0">
  <testcase name="createLead" time="82.776" classname="testCases.CreateLeadWdHomeWork"/>
</testsuite> <!-- testCases.CreateLeadWdHomeWork -->
